<?xml version="1.0" encoding="UTF-8"?>
<!-- Generated by org.testng.reporters.JUnitReportReporter -->
<testsuite hostname="SVEERANA-LAP1" failures="0" tests="1" name="prosel.Simple" time="0.017" errors="0" timestamp="2022-05-06T14:35:34 IST" skipped="0">
  <testcase classname="prosel.Simple" name="myTest" time="0.017"/>
  <system-out/>
</testsuite> <!-- prosel.Simple -->
