<?xml version="1.0" encoding="UTF-8"?>
<!-- Generated by org.testng.reporters.JUnitReportReporter -->
<testsuite hostname="SVEERANA-LAP1" failures="0" tests="1" name="prosel.Simple1" time="17.449" errors="0" timestamp="2022-05-06T14:37:31 IST" skipped="0">
  <testcase classname="prosel.Simple1" name="tstHelloWorldGoogle" time="17.449"/>
  <system-out/>
</testsuite> <!-- prosel.Simple1 -->
